  Grid.cpp
C:\Users\Данила\Desktop\repos\Tetriz\Tetriz\Grid.h(25,2): warning C4091: static : пропускается слева от "const Piece", когда ни одна переменная не объявлена
C:\Users\Данила\Desktop\repos\Tetriz\Tetriz\Grid.h(29,29): warning C4244: инициализация: преобразование "double" в "clock_t", возможна потеря данных
C:\Users\Данила\Desktop\repos\Tetriz\Tetriz\Grid.h(30,28): warning C4244: инициализация: преобразование "double" в "clock_t", возможна потеря данных
C:\Users\Данила\Desktop\repos\Tetriz\Tetriz\Grid.h(55,2): warning C4091: static : пропускается слева от "const TetrominosObjects", когда ни одна переменная не объявлена
C:\Users\Данила\Desktop\repos\Tetriz\Tetriz\Grid.h(59,2): warning C4091: static : пропускается слева от "const AI_TetrominosObjects", когда ни одна переменная не объявлена
C:\Users\Данила\Desktop\repos\Tetriz\Tetriz\Grid.h(234,98): warning C4305: инициализация: усечение из "double" в "_Ty"
          with
          [
              _Ty=float
          ]
C:\Users\Данила\Desktop\repos\Tetriz\Tetriz\Grid.h(291,1): warning C4267: инициализация: преобразование из "size_t" в "int"; возможна потеря данных
C:\Users\Данила\Desktop\repos\Tetriz\Tetriz\Grid.h(292,1): warning C4267: инициализация: преобразование из "size_t" в "int"; возможна потеря данных
C:\Users\Данила\Desktop\repos\Tetriz\Tetriz\Grid.h(322,1): warning C4267: инициализация: преобразование из "size_t" в "int"; возможна потеря данных
C:\Users\Данила\Desktop\repos\Tetriz\Tetriz\Grid.h(333,51): warning C4244: =: преобразование "double" в "_Ty", возможна потеря данных
          with
          [
              _Ty=float
          ]
C:\Users\Данила\Desktop\repos\Tetriz\Tetriz\Grid.h(378,56): warning C4244: аргумент: преобразование "double" в "T", возможна потеря данных
          with
          [
              T=float
          ]
C:\Users\Данила\Desktop\repos\Tetriz\Tetriz\Grid.h(378,38): warning C4244: аргумент: преобразование "double" в "T", возможна потеря данных
          with
          [
              T=float
          ]
C:\Users\Данила\Desktop\repos\Tetriz\Tetriz\Grid.h(379,36): warning C4244: аргумент: преобразование "int" в "T", возможна потеря данных
          with
          [
              T=float
          ]
C:\Users\Данила\Desktop\repos\Tetriz\Tetriz\Grid.h(379,23): warning C4244: аргумент: преобразование "int" в "T", возможна потеря данных
          with
          [
              T=float
          ]
C:\Users\Данила\Desktop\repos\Tetriz\Tetriz\Grid.h(380,35): warning C4244: аргумент: преобразование "int" в "T", возможна потеря данных
          with
          [
              T=float
          ]
C:\Users\Данила\Desktop\repos\Tetriz\Tetriz\Grid.h(380,23): warning C4244: аргумент: преобразование "int" в "T", возможна потеря данных
          with
          [
              T=float
          ]
C:\Users\Данила\Desktop\repos\Tetriz\Tetriz\Grid.h(395,48): warning C4244: аргумент: преобразование "int" в "float", возможна потеря данных
C:\Users\Данила\Desktop\repos\Tetriz\Tetriz\Grid.h(395,32): warning C4244: аргумент: преобразование "int" в "float", возможна потеря данных
C:\Users\Данила\Desktop\repos\Tetriz\Tetriz\Grid.h(518,37): warning C4244: return: преобразование "unsigned __int64" в "int", возможна потеря данных
C:\Users\Данила\Desktop\repos\Tetriz\Tetriz\Grid.h(611,58): warning C4244: аргумент: преобразование "int" в "float", возможна потеря данных
C:\Users\Данила\Desktop\repos\Tetriz\Tetriz\Grid.h(611,36): warning C4244: аргумент: преобразование "int" в "float", возможна потеря данных
C:\Users\Данила\Desktop\repos\Tetriz\Tetriz\Grid.h(612,51): warning C4244: аргумент: преобразование "double" в "float", возможна потеря данных
C:\Users\Данила\Desktop\repos\Tetriz\Tetriz\Grid.h(619,88): warning C4244: аргумент: преобразование "T" в "float", возможна потеря данных
          with
          [
              T=int
          ]
C:\Users\Данила\Desktop\repos\Tetriz\Tetriz\Grid.h(619,34): warning C4244: аргумент: преобразование "int" в "float", возможна потеря данных
C:\Users\Данила\Desktop\repos\Tetriz\Tetriz\Grid.h(620,49): warning C4244: аргумент: преобразование "double" в "float", возможна потеря данных
C:\Users\Данила\Desktop\repos\Tetriz\Tetriz\Grid.h(637,43): warning C4244: аргумент: преобразование "double" в "float", возможна потеря данных
C:\Users\Данила\Desktop\repos\Tetriz\Tetriz\Grid.h(638,105): warning C4244: аргумент: преобразование "T" в "float", возможна потеря данных
          with
          [
              T=int
          ]
C:\Users\Данила\Desktop\repos\Tetriz\Tetriz\Grid.h(638,35): warning C4244: аргумент: преобразование "int" в "float", возможна потеря данных
C:\Users\Данила\Desktop\repos\Tetriz\Tetriz\Grid.h(646,99): warning C4244: аргумент: преобразование "T" в "float", возможна потеря данных
          with
          [
              T=int
          ]
C:\Users\Данила\Desktop\repos\Tetriz\Tetriz\Grid.h(646,34): warning C4244: аргумент: преобразование "double" в "float", возможна потеря данных
C:\Users\Данила\Desktop\repos\Tetriz\Tetriz\Grid.h(647,49): warning C4244: аргумент: преобразование "double" в "float", возможна потеря данных
C:\Users\Данила\Desktop\repos\Tetriz\Tetriz\Grid.h(655,100): warning C4244: аргумент: преобразование "T" в "float", возможна потеря данных
          with
          [
              T=int
          ]
C:\Users\Данила\Desktop\repos\Tetriz\Tetriz\Grid.h(655,35): warning C4244: аргумент: преобразование "double" в "float", возможна потеря данных
C:\Users\Данила\Desktop\repos\Tetriz\Tetriz\Grid.h(656,50): warning C4244: аргумент: преобразование "double" в "float", возможна потеря данных
C:\Users\Данила\Desktop\repos\Tetriz\Tetriz\Grid.h(662,30): warning C4244: аргумент: преобразование "int" в "float", возможна потеря данных
C:\Users\Данила\Desktop\repos\Tetriz\Tetriz\Grid.h(664,29): warning C4244: аргумент: преобразование "int" в "float", возможна потеря данных
C:\Users\Данила\Desktop\repos\Tetriz\Tetriz\Grid.h(668,34): warning C4244: аргумент: преобразование "int" в "float", возможна потеря данных
C:\Users\Данила\Desktop\repos\Tetriz\Tetriz\Grid.h(764,9): warning C4101: ev: неиспользованная локальная переменная
C:\Users\Данила\Desktop\repos\Tetriz\Tetriz\Grid.h(829,1): warning C4267: =: преобразование из "size_t" в "int"; возможна потеря данных
C:\Users\Данила\Desktop\repos\Tetriz\Tetriz\Grid.h(991,4): warning C4804: +=: небезопасное использование типа "bool" в операции
C:\Users\Данила\Desktop\repos\Tetriz\Tetriz\Grid.h(992,4): warning C4804: +=: небезопасное использование типа "bool" в операции
C:\Users\Данила\Desktop\repos\Tetriz\Tetriz\Grid.h(997,4): warning C4804: +=: небезопасное использование типа "bool" в операции
  Main.cpp
C:\Users\Данила\Desktop\repos\Tetriz\Tetriz\Grid.h(25,2): warning C4091: static : пропускается слева от "const Piece", когда ни одна переменная не объявлена
C:\Users\Данила\Desktop\repos\Tetriz\Tetriz\Grid.h(29,29): warning C4244: инициализация: преобразование "double" в "clock_t", возможна потеря данных
C:\Users\Данила\Desktop\repos\Tetriz\Tetriz\Grid.h(30,28): warning C4244: инициализация: преобразование "double" в "clock_t", возможна потеря данных
C:\Users\Данила\Desktop\repos\Tetriz\Tetriz\Grid.h(55,2): warning C4091: static : пропускается слева от "const TetrominosObjects", когда ни одна переменная не объявлена
C:\Users\Данила\Desktop\repos\Tetriz\Tetriz\Grid.h(59,2): warning C4091: static : пропускается слева от "const AI_TetrominosObjects", когда ни одна переменная не объявлена
C:\Users\Данила\Desktop\repos\Tetriz\Tetriz\Grid.h(234,98): warning C4305: инициализация: усечение из "double" в "_Ty"
          with
          [
              _Ty=float
          ]
C:\Users\Данила\Desktop\repos\Tetriz\Tetriz\Grid.h(291,1): warning C4267: инициализация: преобразование из "size_t" в "int"; возможна потеря данных
C:\Users\Данила\Desktop\repos\Tetriz\Tetriz\Grid.h(292,1): warning C4267: инициализация: преобразование из "size_t" в "int"; возможна потеря данных
C:\Users\Данила\Desktop\repos\Tetriz\Tetriz\Grid.h(322,1): warning C4267: инициализация: преобразование из "size_t" в "int"; возможна потеря данных
C:\Users\Данила\Desktop\repos\Tetriz\Tetriz\Grid.h(333,51): warning C4244: =: преобразование "double" в "_Ty", возможна потеря данных
          with
          [
              _Ty=float
          ]
C:\Users\Данила\Desktop\repos\Tetriz\Tetriz\Grid.h(378,56): warning C4244: аргумент: преобразование "double" в "T", возможна потеря данных
          with
          [
              T=float
          ]
C:\Users\Данила\Desktop\repos\Tetriz\Tetriz\Grid.h(378,38): warning C4244: аргумент: преобразование "double" в "T", возможна потеря данных
          with
          [
              T=float
          ]
C:\Users\Данила\Desktop\repos\Tetriz\Tetriz\Grid.h(379,36): warning C4244: аргумент: преобразование "int" в "T", возможна потеря данных
          with
          [
              T=float
          ]
C:\Users\Данила\Desktop\repos\Tetriz\Tetriz\Grid.h(379,23): warning C4244: аргумент: преобразование "int" в "T", возможна потеря данных
          with
          [
              T=float
          ]
C:\Users\Данила\Desktop\repos\Tetriz\Tetriz\Grid.h(380,35): warning C4244: аргумент: преобразование "int" в "T", возможна потеря данных
          with
          [
              T=float
          ]
C:\Users\Данила\Desktop\repos\Tetriz\Tetriz\Grid.h(380,23): warning C4244: аргумент: преобразование "int" в "T", возможна потеря данных
          with
          [
              T=float
          ]
C:\Users\Данила\Desktop\repos\Tetriz\Tetriz\Grid.h(395,48): warning C4244: аргумент: преобразование "int" в "float", возможна потеря данных
C:\Users\Данила\Desktop\repos\Tetriz\Tetriz\Grid.h(395,32): warning C4244: аргумент: преобразование "int" в "float", возможна потеря данных
C:\Users\Данила\Desktop\repos\Tetriz\Tetriz\Grid.h(518,37): warning C4244: return: преобразование "unsigned __int64" в "int", возможна потеря данных
C:\Users\Данила\Desktop\repos\Tetriz\Tetriz\Grid.h(611,58): warning C4244: аргумент: преобразование "int" в "float", возможна потеря данных
C:\Users\Данила\Desktop\repos\Tetriz\Tetriz\Grid.h(611,36): warning C4244: аргумент: преобразование "int" в "float", возможна потеря данных
C:\Users\Данила\Desktop\repos\Tetriz\Tetriz\Grid.h(612,51): warning C4244: аргумент: преобразование "double" в "float", возможна потеря данных
C:\Users\Данила\Desktop\repos\Tetriz\Tetriz\Grid.h(619,88): warning C4244: аргумент: преобразование "T" в "float", возможна потеря данных
          with
          [
              T=int
          ]
C:\Users\Данила\Desktop\repos\Tetriz\Tetriz\Grid.h(619,34): warning C4244: аргумент: преобразование "int" в "float", возможна потеря данных
C:\Users\Данила\Desktop\repos\Tetriz\Tetriz\Grid.h(620,49): warning C4244: аргумент: преобразование "double" в "float", возможна потеря данных
C:\Users\Данила\Desktop\repos\Tetriz\Tetriz\Grid.h(637,43): warning C4244: аргумент: преобразование "double" в "float", возможна потеря данных
C:\Users\Данила\Desktop\repos\Tetriz\Tetriz\Grid.h(638,105): warning C4244: аргумент: преобразование "T" в "float", возможна потеря данных
          with
          [
              T=int
          ]
C:\Users\Данила\Desktop\repos\Tetriz\Tetriz\Grid.h(638,35): warning C4244: аргумент: преобразование "int" в "float", возможна потеря данных
C:\Users\Данила\Desktop\repos\Tetriz\Tetriz\Grid.h(646,99): warning C4244: аргумент: преобразование "T" в "float", возможна потеря данных
          with
          [
              T=int
          ]
C:\Users\Данила\Desktop\repos\Tetriz\Tetriz\Grid.h(646,34): warning C4244: аргумент: преобразование "double" в "float", возможна потеря данных
C:\Users\Данила\Desktop\repos\Tetriz\Tetriz\Grid.h(647,49): warning C4244: аргумент: преобразование "double" в "float", возможна потеря данных
C:\Users\Данила\Desktop\repos\Tetriz\Tetriz\Grid.h(655,100): warning C4244: аргумент: преобразование "T" в "float", возможна потеря данных
          with
          [
              T=int
          ]
C:\Users\Данила\Desktop\repos\Tetriz\Tetriz\Grid.h(655,35): warning C4244: аргумент: преобразование "double" в "float", возможна потеря данных
C:\Users\Данила\Desktop\repos\Tetriz\Tetriz\Grid.h(656,50): warning C4244: аргумент: преобразование "double" в "float", возможна потеря данных
C:\Users\Данила\Desktop\repos\Tetriz\Tetriz\Grid.h(662,30): warning C4244: аргумент: преобразование "int" в "float", возможна потеря данных
C:\Users\Данила\Desktop\repos\Tetriz\Tetriz\Grid.h(664,29): warning C4244: аргумент: преобразование "int" в "float", возможна потеря данных
C:\Users\Данила\Desktop\repos\Tetriz\Tetriz\Grid.h(668,34): warning C4244: аргумент: преобразование "int" в "float", возможна потеря данных
C:\Users\Данила\Desktop\repos\Tetriz\Tetriz\Grid.h(764,9): warning C4101: ev: неиспользованная локальная переменная
C:\Users\Данила\Desktop\repos\Tetriz\Tetriz\Grid.h(829,1): warning C4267: =: преобразование из "size_t" в "int"; возможна потеря данных
C:\Users\Данила\Desktop\repos\Tetriz\Tetriz\Grid.h(991,4): warning C4804: +=: небезопасное использование типа "bool" в операции
C:\Users\Данила\Desktop\repos\Tetriz\Tetriz\Grid.h(992,4): warning C4804: +=: небезопасное использование типа "bool" в операции
C:\Users\Данила\Desktop\repos\Tetriz\Tetriz\Grid.h(997,4): warning C4804: +=: небезопасное использование типа "bool" в операции
  Создание кода
  5 of 495 functions ( 1.0%) were compiled, the rest were copied from previous compilation.
    0 functions were new in current compilation
    3 functions had inline decision re-evaluated but remain unchanged
  Создание кода завершено
  Tetriz.vcxproj -> C:\Users\Данила\Desktop\repos\Tetriz\Release\Tetriz.exe
